INFO:root:Finding corrupted images...
INFO:root:Created backup directory for corrupted images.
INFO:root:No corrupted images found.
INFO:root:Loading images from the directory...
INFO:root:Training the model...
INFO:root:Training the model...
WARNING:tensorflow:Early stopping conditioned on metric `val_loss` which is not available. Available metrics are: loss,accuracy
WARNING:tensorflow:Early stopping conditioned on metric `val_loss` which is not available. Available metrics are: loss,accuracy
WARNING:tensorflow:Early stopping conditioned on metric `val_loss` which is not available. Available metrics are: loss,accuracy
WARNING:tensorflow:Early stopping conditioned on metric `val_loss` which is not available. Available metrics are: loss,accuracy
WARNING:tensorflow:Early stopping conditioned on metric `val_loss` which is not available. Available metrics are: loss,accuracy
WARNING:tensorflow:Early stopping conditioned on metric `val_loss` which is not available. Available metrics are: loss,accuracy
WARNING:tensorflow:Early stopping conditioned on metric `val_loss` which is not available. Available metrics are: loss,accuracy
WARNING:tensorflow:Early stopping conditioned on metric `val_loss` which is not available. Available metrics are: loss,accuracy
WARNING:tensorflow:Early stopping conditioned on metric `val_loss` which is not available. Available metrics are: loss,accuracy
WARNING:tensorflow:Early stopping conditioned on metric `val_loss` which is not available. Available metrics are: loss,accuracy
WARNING:tensorflow:Early stopping conditioned on metric `val_loss` which is not available. Available metrics are: loss,accuracy
WARNING:tensorflow:Early stopping conditioned on metric `val_loss` which is not available. Available metrics are: loss,accuracy
WARNING:tensorflow:Early stopping conditioned on metric `val_loss` which is not available. Available metrics are: loss,accuracy
WARNING:tensorflow:Early stopping conditioned on metric `val_loss` which is not available. Available metrics are: loss,accuracy
WARNING:tensorflow:Early stopping conditioned on metric `val_loss` which is not available. Available metrics are: loss,accuracy
WARNING:tensorflow:Early stopping conditioned on metric `val_loss` which is not available. Available metrics are: loss,accuracy
WARNING:tensorflow:Early stopping conditioned on metric `val_loss` which is not available. Available metrics are: loss,accuracy
WARNING:tensorflow:Early stopping conditioned on metric `val_loss` which is not available. Available metrics are: loss,accuracy
WARNING:tensorflow:Early stopping conditioned on metric `val_loss` which is not available. Available metrics are: loss,accuracy
WARNING:tensorflow:Early stopping conditioned on metric `val_loss` which is not available. Available metrics are: loss,accuracy
WARNING:tensorflow:Early stopping conditioned on metric `val_loss` which is not available. Available metrics are: loss,accuracy
WARNING:tensorflow:Early stopping conditioned on metric `val_loss` which is not available. Available metrics are: loss,accuracy
WARNING:tensorflow:Early stopping conditioned on metric `val_loss` which is not available. Available metrics are: loss,accuracy
WARNING:tensorflow:Early stopping conditioned on metric `val_loss` which is not available. Available metrics are: loss,accuracy
WARNING:tensorflow:Early stopping conditioned on metric `val_loss` which is not available. Available metrics are: loss,accuracy
WARNING:tensorflow:Early stopping conditioned on metric `val_loss` which is not available. Available metrics are: loss,accuracy
WARNING:tensorflow:Early stopping conditioned on metric `val_loss` which is not available. Available metrics are: loss,accuracy
WARNING:tensorflow:Early stopping conditioned on metric `val_loss` which is not available. Available metrics are: loss,accuracy
WARNING:tensorflow:Early stopping conditioned on metric `val_loss` which is not available. Available metrics are: loss,accuracy
WARNING:tensorflow:Early stopping conditioned on metric `val_loss` which is not available. Available metrics are: loss,accuracy
WARNING:tensorflow:Early stopping conditioned on metric `val_loss` which is not available. Available metrics are: loss,accuracy
WARNING:tensorflow:Early stopping conditioned on metric `val_loss` which is not available. Available metrics are: loss,accuracy
WARNING:tensorflow:Early stopping conditioned on metric `val_loss` which is not available. Available metrics are: loss,accuracy
WARNING:tensorflow:Early stopping conditioned on metric `val_loss` which is not available. Available metrics are: loss,accuracy
WARNING:tensorflow:Early stopping conditioned on metric `val_loss` which is not available. Available metrics are: loss,accuracy
WARNING:tensorflow:Early stopping conditioned on metric `val_loss` which is not available. Available metrics are: loss,accuracy
